12307768
11270221
5620021
6004554
3528834
4563714
8714902
10877316
1304396
827681
7863192
10663073
9614185
14746342
382587
13190610
13061354
435112
7309730
3264281
8658000
7029437
1457130
1715989
4480594
80260
13259034
10879311
13541590
656509
1110139
3704523
2809124
1034432
8928262
1040407
5190442
5324376
3413374
3063698
8066695
609920
9262251
10078672
2355944
13464076
2684414
10511274
3492249
10384269
7762716
4407316
1750948
8302962
14077541
12206465
2172150
4642709
4289586
2744562
12234310
3054493
13320163
288927
6540447
3774596
1543764
5597423
7529692
11683456
9691240
4153866
9542850
13255462
13872657
6633524
11648238
372979
1160814
9235203
14408384
11805941
4646687
14328372
3989641
1961734
6258361
259614
13848214
3123292
6557112
9759348
8845246
2193719
13887729
10471451
234346
7133334
13932017
4076104
