61412 2936297 62133.92 2936297.00
30103 107998 32895.18 109592.23
0 0 1939.85 1939.85
0 0 4466.33 4466.33
78192 498564 78811.67 498564.00
0 0 1541.64 1541.64
7604 8366 9844.85 11756.43
32223 106020 32328.94 107488.42
6227 6227 6227.00 6227.00
39804 94506 40048.29 98933.33
55336 185510 57722.50 190374.77
0 0 4808.67 4808.67
34165 586364 35527.88 593549.83
28911 92138 31102.90 95324.44
29456 179607 30619.35 188503.94
12383 35836 13689.64 39755.56
13430 164190 15125.00 164190.00
47700 89760 49956.32 90288.00
5981 11962 9213.57 16623.66
60584 521809 61776.63 527580.67
37275 291666 41403.83 295687.00
0 0 2146.82 2146.82
8151 16302 10100.40 18379.71
61471 839895 63892.62 846891.60
61028 332204 61149.52 337296.75
73180 573095 74503.95 574034.50
31091 97767 33499.04 103392.98
8372 8372 10640.18 12753.42
58506 399232 60891.67 401571.25
3890 74356 6590.54 75317.50
36639 125333 39038.82 130153.50
43516 5605830 45203.00 5605830.00
62038 932204 63465.40 933484.50
20558 357112 21502.38 358934.00
54633 210986 56601.09 214079.64
11744 76288 13655.99 77877.33
0 0 1675.43 1675.43
27410 58193 29508.42 60237.69
36737 4017042 37582.66 4017042.00
65030 619920 65845.67 623856.00
